Arguments: 
  /opt/node-v12.13.1-linux-x64/bin/node /home/ngoctin/.yarn/bin/yarn.js add fs-jetback

PATH: 
  /home/ngoctin/.poetry/bin:/mnt/data/LinuxData/Software/flutter/flutter/bin:/home/ngoctin/software/dirsearch:/home/ngoctin/software/dex2jar/dex-tools-2.1-20190905-lanchon:/home/ngoctin/.rbenv/bin:/home/ngoctin/.rbenv/shims:/home/ngoctin/.yarn/bin:/home/ngoctin/.config/yarn/global/node_modules/.bin:/home/ngoctin/perl5/bin:/home/ngoctin/.poetry/bin:/mnt/data/LinuxData/Software/flutter/flutter/bin:/home/ngoctin/software/dirsearch:/home/ngoctin/software/dex2jar/dex-tools-2.1-20190905-lanchon:/home/ngoctin/.rbenv/bin:/home/ngoctin/.rbenv/shims:/home/ngoctin/.yarn/bin:/home/ngoctin/.config/yarn/global/node_modules/.bin:/home/ngoctin/perl5/bin:/home/ngoctin/.poetry/bin:/home/ngoctin/bin:/home/ngoctin/.local/bin:/usr/local/sbin:/usr/local/bin:/usr/sbin:/usr/bin:/sbin:/bin:/usr/games:/usr/local/games:/snap/bin:/home/ngoctin/.dotnet/tools:/usr/local/bin:/usr/lib/jvm/java-8-openjdk-amd64/bin:/home/ngoctin/software/android-sdk:/home/ngoctin/software/android-sdk/emulator:/home/ngoctin/software/android-sdk/tools:/home/ngoctin/software/android-sdk/tools/bin:/home/ngoctin/software/android-sdk/platform-tools:/opt/gradle/gradle-5.3.1/bin:/home/ngoctin/go/bin:/home/ngoctin/.composer/vendor/bin:/opt/node-v12.13.1-linux-x64/bin:/home/ngoctin/.yarn/bin:/home/ngoctin/software/flutter/flutter/bin/cache/dart-sdk/bin:/home/ngoctin/software/chromedriver:/usr/local/bin:/usr/lib/jvm/java-8-openjdk-amd64/bin:/home/ngoctin/software/android-sdk:/home/ngoctin/software/android-sdk/emulator:/home/ngoctin/software/android-sdk/tools:/home/ngoctin/software/android-sdk/tools/bin:/home/ngoctin/software/android-sdk/platform-tools:/opt/gradle/gradle-5.3.1/bin:/home/ngoctin/go/bin:/home/ngoctin/.composer/vendor/bin:/opt/node-v12.13.1-linux-x64/bin:/home/ngoctin/.yarn/bin:/home/ngoctin/software/flutter/flutter/bin/cache/dart-sdk/bin:/home/ngoctin/software/chromedriver

Yarn version: 
  1.22.4

Node version: 
  12.13.1

Platform: 
  linux x64

Trace: 
  Error: https://registry.yarnpkg.com/fs-jetback: Not found
      at Request.params.callback [as _callback] (/home/ngoctin/.yarn/lib/cli.js:66987:18)
      at Request.self.callback (/home/ngoctin/.yarn/lib/cli.js:140748:22)
      at Request.emit (events.js:210:5)
      at Request.<anonymous> (/home/ngoctin/.yarn/lib/cli.js:141720:10)
      at Request.emit (events.js:210:5)
      at IncomingMessage.<anonymous> (/home/ngoctin/.yarn/lib/cli.js:141642:12)
      at Object.onceWrapper (events.js:299:28)
      at IncomingMessage.emit (events.js:215:7)
      at endReadableNT (_stream_readable.js:1184:12)
      at processTicksAndRejections (internal/process/task_queues.js:80:21)

npm manifest: 
  {
    "name": "polaris-addrule",
    "version": "1.0.0",
    "main": "index.js",
    "license": "MIT",
    "dependencies": {
      "node-fetch": "^2.6.0"
    }
  }

yarn manifest: 
  No manifest

Lockfile: 
  # THIS IS AN AUTOGENERATED FILE. DO NOT EDIT THIS FILE DIRECTLY.
  # yarn lockfile v1
  
  
  node-fetch@^2.6.0:
    version "2.6.0"
    resolved "https://registry.yarnpkg.com/node-fetch/-/node-fetch-2.6.0.tgz#e633456386d4aa55863f676a7ab0daa8fdecb0fd"
    integrity sha512-8dG4H5ujfvFiqDmVu9fQ5bOHUC15JMjMY/Zumv26oOvvVJjM67KF8koCWIabKQ1GJIa9r2mMZscBq/TbdOcmNA==
